{"C:\\Shakti New Portfolio\\app\\api\\auth\\route.ts": {"path":"C:\\Shakti New Portfolio\\app\\api\\auth\\route.ts","statementMap":{"0":{"start":{"line":15,"column":22},"end":{"line":15,"column":27}},"1":{"start":{"line":1,"column":29},"end":{"line":1,"column":null}},"2":{"start":{"line":8,"column":17},"end":{"line":13,"column":null}},"3":{"start":{"line":18,"column":2},"end":{"line":28,"column":null}},"4":{"start":{"line":19,"column":4},"end":{"line":19,"column":null}},"5":{"start":{"line":21,"column":4},"end":{"line":26,"column":null}},"6":{"start":{"line":30,"column":2},"end":{"line":38,"column":null}},"7":{"start":{"line":31,"column":4},"end":{"line":36,"column":null}},"8":{"start":{"line":40,"column":2},"end":{"line":48,"column":null}},"9":{"start":{"line":41,"column":4},"end":{"line":46,"column":null}},"10":{"start":{"line":50,"column":2},"end":{"line":62,"column":null}}},"fnMap":{"0":{"name":"POST","decl":{"start":{"line":15,"column":22},"end":{"line":15,"column":27}},"loc":{"start":{"line":15,"column":43},"end":{"line":64,"column":null}}}},"branchMap":{"0":{"loc":{"start":{"line":30,"column":2},"end":{"line":38,"column":null}},"type":"if","locations":[{"start":{"line":30,"column":2},"end":{"line":38,"column":null}},{"start":{},"end":{}}]},"1":{"loc":{"start":{"line":30,"column":6},"end":{"line":30,"column":41}},"type":"binary-expr","locations":[{"start":{"line":30,"column":6},"end":{"line":30,"column":20}},{"start":{"line":30,"column":24},"end":{"line":30,"column":41}}]},"2":{"loc":{"start":{"line":40,"column":2},"end":{"line":48,"column":null}},"type":"if","locations":[{"start":{"line":40,"column":2},"end":{"line":48,"column":null}},{"start":{},"end":{}}]},"3":{"loc":{"start":{"line":40,"column":6},"end":{"line":40,"column":80}},"type":"binary-expr","locations":[{"start":{"line":40,"column":6},"end":{"line":40,"column":38}},{"start":{"line":40,"column":42},"end":{"line":40,"column":80}}]}},"s":{"0":4,"1":1,"2":1,"3":4,"4":4,"5":1,"6":3,"7":1,"8":2,"9":1,"10":1},"f":{"0":4},"b":{"0":[1,2],"1":[3,3],"2":[1,1],"3":[2,2]}}
,"C:\\Shakti New Portfolio\\app\\api\\news\\route.ts": {"path":"C:\\Shakti New Portfolio\\app\\api\\news\\route.ts","statementMap":{"0":{"start":{"line":3,"column":22},"end":{"line":3,"column":null}},"1":{"start":{"line":1,"column":29},"end":{"line":1,"column":null}},"2":{"start":{"line":4,"column":2},"end":{"line":34,"column":null}}},"fnMap":{"0":{"name":"GET","decl":{"start":{"line":3,"column":22},"end":{"line":3,"column":null}},"loc":{"start":{"line":3,"column":22},"end":{"line":36,"column":null}}}},"branchMap":{},"s":{"0":1,"1":1,"2":1},"f":{"0":1},"b":{}}
,"C:\\Shakti New Portfolio\\app\\api\\stocks\\route.ts": {"path":"C:\\Shakti New Portfolio\\app\\api\\stocks\\route.ts","statementMap":{"0":{"start":{"line":10,"column":22},"end":{"line":10,"column":null}},"1":{"start":{"line":1,"column":29},"end":{"line":1,"column":null}},"2":{"start":{"line":3,"column":19},"end":{"line":8,"column":null}},"3":{"start":{"line":11,"column":15},"end":{"line":24,"column":null}},"4":{"start":{"line":12,"column":24},"end":{"line":12,"column":null}},"5":{"start":{"line":13,"column":18},"end":{"line":13,"column":null}},"6":{"start":{"line":14,"column":22},"end":{"line":14,"column":null}},"7":{"start":{"line":15,"column":19},"end":{"line":15,"column":null}},"8":{"start":{"line":17,"column":4},"end":{"line":23,"column":null}},"9":{"start":{"line":26,"column":2},"end":{"line":34,"column":null}}},"fnMap":{"0":{"name":"GET","decl":{"start":{"line":10,"column":22},"end":{"line":10,"column":null}},"loc":{"start":{"line":10,"column":22},"end":{"line":36,"column":null}}},"1":{"name":"(anonymous_2)","decl":{"start":{"line":11,"column":30},"end":{"line":11,"column":31}},"loc":{"start":{"line":11,"column":31},"end":{"line":24,"column":null}}}},"branchMap":{},"s":{"0":1,"1":1,"2":1,"3":1,"4":4,"5":4,"6":4,"7":4,"8":4,"9":1},"f":{"0":1,"1":4},"b":{}}
,"C:\\Shakti New Portfolio\\components\\Experience.tsx": {"path":"C:\\Shakti New Portfolio\\components\\Experience.tsx","statementMap":{"0":{"start":{"line":7,"column":16},"end":{"line":7,"column":null}},"1":{"start":{"line":3,"column":23},"end":{"line":3,"column":null}},"2":{"start":{"line":4,"column":27},"end":{"line":4,"column":null}},"3":{"start":{"line":5,"column":42},"end":{"line":5,"column":null}},"4":{"start":{"line":23,"column":10},"end":{"line":24,"column":null}},"5":{"start":{"line":37,"column":16},"end":{"line":37,"column":31}}},"fnMap":{"0":{"name":"Experience","decl":{"start":{"line":7,"column":16},"end":{"line":7,"column":null}},"loc":{"start":{"line":7,"column":16},"end":{"line":48,"column":null}}},"1":{"name":"(anonymous_2)","decl":{"start":{"line":22,"column":24},"end":{"line":22,"column":25}},"loc":{"start":{"line":23,"column":10},"end":{"line":24,"column":null}}},"2":{"name":"(anonymous_3)","decl":{"start":{"line":36,"column":41},"end":{"line":36,"column":42}},"loc":{"start":{"line":37,"column":16},"end":{"line":37,"column":31}}}},"branchMap":{},"s":{"0":1,"1":1,"2":1,"3":1,"4":2,"5":10},"f":{"0":1,"1":2,"2":10},"b":{}}
,"C:\\Shakti New Portfolio\\components\\GitHubActivity.tsx": {"path":"C:\\Shakti New Portfolio\\components\\GitHubActivity.tsx","statementMap":{"0":{"start":{"line":47,"column":16},"end":{"line":47,"column":null}},"1":{"start":{"line":3,"column":23},"end":{"line":3,"column":null}},"2":{"start":{"line":4,"column":59},"end":{"line":4,"column":null}},"3":{"start":{"line":5,"column":45},"end":{"line":5,"column":null}},"4":{"start":{"line":6,"column":42},"end":{"line":6,"column":null}},"5":{"start":{"line":39,"column":2},"end":{"line":39,"column":null}},"6":{"start":{"line":39,"column":18},"end":{"line":39,"column":null}},"7":{"start":{"line":40,"column":16},"end":{"line":40,"column":null}},"8":{"start":{"line":41,"column":2},"end":{"line":41,"column":null}},"9":{"start":{"line":41,"column":20},"end":{"line":41,"column":null}},"10":{"start":{"line":42,"column":2},"end":{"line":42,"column":null}},"11":{"start":{"line":42,"column":19},"end":{"line":42,"column":null}},"12":{"start":{"line":43,"column":2},"end":{"line":43,"column":null}},"13":{"start":{"line":43,"column":20},"end":{"line":43,"column":null}},"14":{"start":{"line":44,"column":2},"end":{"line":44,"column":null}},"15":{"start":{"line":48,"column":26},"end":{"line":48,"column":null}},"16":{"start":{"line":49,"column":32},"end":{"line":49,"column":null}},"17":{"start":{"line":50,"column":28},"end":{"line":50,"column":null}},"18":{"start":{"line":52,"column":30},"end":{"line":52,"column":null}},"19":{"start":{"line":54,"column":2},"end":{"line":80,"column":null}},"20":{"start":{"line":55,"column":17},"end":{"line":55,"column":null}},"21":{"start":{"line":56,"column":17},"end":{"line":75,"column":null}},"22":{"start":{"line":57,"column":6},"end":{"line":74,"column":null}},"23":{"start":{"line":58,"column":25},"end":{"line":58,"column":null}},"24":{"start":{"line":59,"column":8},"end":{"line":59,"column":null}},"25":{"start":{"line":59,"column":26},"end":{"line":59,"column":null}},"26":{"start":{"line":60,"column":25},"end":{"line":60,"column":null}},"27":{"start":{"line":61,"column":8},"end":{"line":66,"column":null}},"28":{"start":{"line":62,"column":10},"end":{"line":62,"column":null}},"29":{"start":{"line":63,"column":10},"end":{"line":63,"column":null}},"30":{"start":{"line":65,"column":10},"end":{"line":65,"column":null}},"31":{"start":{"line":65,"column":27},"end":{"line":65,"column":44}},"32":{"start":{"line":68,"column":8},"end":{"line":71,"column":null}},"33":{"start":{"line":69,"column":10},"end":{"line":69,"column":null}},"34":{"start":{"line":70,"column":10},"end":{"line":70,"column":null}},"35":{"start":{"line":73,"column":8},"end":{"line":73,"column":null}},"36":{"start":{"line":73,"column":20},"end":{"line":73,"column":null}},"37":{"start":{"line":76,"column":4},"end":{"line":76,"column":null}},"38":{"start":{"line":77,"column":4},"end":{"line":79,"column":null}},"39":{"start":{"line":78,"column":6},"end":{"line":78,"column":null}},"40":{"start":{"line":82,"column":18},"end":{"line":85,"column":null}},"41":{"start":{"line":83,"column":4},"end":{"line":83,"column":null}},"42":{"start":{"line":83,"column":15},"end":{"line":83,"column":null}},"43":{"start":{"line":84,"column":4},"end":{"line":84,"column":null}},"44":{"start":{"line":84,"column":46},"end":{"line":84,"column":73}},"45":{"start":{"line":87,"column":25},"end":{"line":92,"column":null}},"46":{"start":{"line":88,"column":4},"end":{"line":88,"column":null}},"47":{"start":{"line":88,"column":15},"end":{"line":88,"column":null}},"48":{"start":{"line":89,"column":19},"end":{"line":89,"column":null}},"49":{"start":{"line":89,"column":43},"end":{"line":89,"column":null}},"50":{"start":{"line":90,"column":4},"end":{"line":90,"column":null}},"51":{"start":{"line":90,"column":17},"end":{"line":90,"column":null}},"52":{"start":{"line":91,"column":4},"end":{"line":91,"column":null}},"53":{"start":{"line":91,"column":37},"end":{"line":91,"column":null}},"54":{"start":{"line":94,"column":20},"end":{"line":100,"column":null}},"55":{"start":{"line":95,"column":4},"end":{"line":95,"column":null}},"56":{"start":{"line":95,"column":32},"end":{"line":95,"column":null}},"57":{"start":{"line":96,"column":4},"end":{"line":98,"column":null}},"58":{"start":{"line":97,"column":22},"end":{"line":97,"column":null}},"59":{"start":{"line":161,"column":20},"end":{"line":162,"column":null}},"60":{"start":{"line":173,"column":20},"end":{"line":174,"column":null}},"61":{"start":{"line":230,"column":16},"end":{"line":231,"column":null}},"62":{"start":{"line":261,"column":18},"end":{"line":263,"column":null}},"63":{"start":{"line":264,"column":16},"end":{"line":266,"column":null}},"64":{"start":{"line":317,"column":16},"end":{"line":317,"column":null}}},"fnMap":{"0":{"name":"heatColor","decl":{"start":{"line":38,"column":9},"end":{"line":38,"column":19}},"loc":{"start":{"line":38,"column":45},"end":{"line":45,"column":null}}},"1":{"name":"GitHubActivity","decl":{"start":{"line":47,"column":16},"end":{"line":47,"column":null}},"loc":{"start":{"line":47,"column":16},"end":{"line":362,"column":null}}},"2":{"name":"(anonymous_3)","decl":{"start":{"line":54,"column":12},"end":{"line":54,"column":null}},"loc":{"start":{"line":54,"column":12},"end":{"line":80,"column":5}}},"3":{"name":"(anonymous_4)","decl":{"start":{"line":56,"column":17},"end":{"line":56,"column":null}},"loc":{"start":{"line":56,"column":17},"end":{"line":75,"column":null}}},"4":{"name":"(anonymous_5)","decl":{"start":{"line":65,"column":21},"end":{"line":65,"column":27}},"loc":{"start":{"line":65,"column":27},"end":{"line":65,"column":44}}},"5":{"name":"(anonymous_6)","decl":{"start":{"line":77,"column":11},"end":{"line":77,"column":null}},"loc":{"start":{"line":77,"column":11},"end":{"line":79,"column":null}}},"6":{"name":"(anonymous_7)","decl":{"start":{"line":82,"column":26},"end":{"line":82,"column":null}},"loc":{"start":{"line":82,"column":26},"end":{"line":85,"column":5}}},"7":{"name":"(anonymous_8)","decl":{"start":{"line":84,"column":31},"end":{"line":84,"column":32}},"loc":{"start":{"line":84,"column":46},"end":{"line":84,"column":73}}},"8":{"name":"(anonymous_9)","decl":{"start":{"line":87,"column":33},"end":{"line":87,"column":null}},"loc":{"start":{"line":87,"column":33},"end":{"line":92,"column":5}}},"9":{"name":"(anonymous_10)","decl":{"start":{"line":89,"column":36},"end":{"line":89,"column":37}},"loc":{"start":{"line":89,"column":43},"end":{"line":89,"column":null}}},"10":{"name":"(anonymous_11)","decl":{"start":{"line":91,"column":30},"end":{"line":91,"column":31}},"loc":{"start":{"line":91,"column":37},"end":{"line":91,"column":null}}},"11":{"name":"(anonymous_12)","decl":{"start":{"line":94,"column":28},"end":{"line":94,"column":null}},"loc":{"start":{"line":94,"column":28},"end":{"line":100,"column":5}}},"12":{"name":"(anonymous_13)","decl":{"start":{"line":97,"column":6},"end":{"line":97,"column":7}},"loc":{"start":{"line":97,"column":22},"end":{"line":97,"column":null}}},"13":{"name":"(anonymous_14)","decl":{"start":{"line":160,"column":36},"end":{"line":160,"column":37}},"loc":{"start":{"line":161,"column":20},"end":{"line":162,"column":null}}},"14":{"name":"(anonymous_15)","decl":{"start":{"line":172,"column":39},"end":{"line":172,"column":40}},"loc":{"start":{"line":173,"column":20},"end":{"line":174,"column":null}}},"15":{"name":"(anonymous_16)","decl":{"start":{"line":229,"column":20},"end":{"line":229,"column":21}},"loc":{"start":{"line":230,"column":16},"end":{"line":231,"column":null}}},"16":{"name":"(anonymous_17)","decl":{"start":{"line":259,"column":34},"end":{"line":259,"column":35}},"loc":{"start":{"line":259,"column":42},"end":{"line":295,"column":null}}},"17":{"name":"(anonymous_18)","decl":{"start":{"line":316,"column":34},"end":{"line":316,"column":35}},"loc":{"start":{"line":317,"column":16},"end":{"line":317,"column":null}}}},"branchMap":{"0":{"loc":{"start":{"line":39,"column":2},"end":{"line":39,"column":null}},"type":"if","locations":[{"start":{"line":39,"column":2},"end":{"line":39,"column":null}},{"start":{},"end":{}}]},"1":{"loc":{"start":{"line":40,"column":16},"end":{"line":40,"column":null}},"type":"cond-expr","locations":[{"start":{"line":40,"column":27},"end":{"line":40,"column":31}},{"start":{"line":40,"column":31},"end":{"line":40,"column":null}}]},"2":{"loc":{"start":{"line":41,"column":2},"end":{"line":41,"column":null}},"type":"if","locations":[{"start":{"line":41,"column":2},"end":{"line":41,"column":null}},{"start":{},"end":{}}]},"3":{"loc":{"start":{"line":42,"column":2},"end":{"line":42,"column":null}},"type":"if","locations":[{"start":{"line":42,"column":2},"end":{"line":42,"column":null}},{"start":{},"end":{}}]},"4":{"loc":{"start":{"line":43,"column":2},"end":{"line":43,"column":null}},"type":"if","locations":[{"start":{"line":43,"column":2},"end":{"line":43,"column":null}},{"start":{},"end":{}}]},"5":{"loc":{"start":{"line":59,"column":8},"end":{"line":59,"column":null}},"type":"if","locations":[{"start":{"line":59,"column":8},"end":{"line":59,"column":null}},{"start":{},"end":{}}]},"6":{"loc":{"start":{"line":61,"column":8},"end":{"line":66,"column":null}},"type":"if","locations":[{"start":{"line":61,"column":8},"end":{"line":66,"column":null}},{"start":{},"end":{}}]},"7":{"loc":{"start":{"line":68,"column":8},"end":{"line":71,"column":null}},"type":"if","locations":[{"start":{"line":68,"column":8},"end":{"line":71,"column":null}},{"start":{},"end":{}}]},"8":{"loc":{"start":{"line":73,"column":8},"end":{"line":73,"column":null}},"type":"if","locations":[{"start":{"line":73,"column":8},"end":{"line":73,"column":null}},{"start":{},"end":{}}]},"9":{"loc":{"start":{"line":83,"column":4},"end":{"line":83,"column":null}},"type":"if","locations":[{"start":{"line":83,"column":4},"end":{"line":83,"column":null}},{"start":{},"end":{}}]},"10":{"loc":{"start":{"line":88,"column":4},"end":{"line":88,"column":null}},"type":"if","locations":[{"start":{"line":88,"column":4},"end":{"line":88,"column":null}},{"start":{},"end":{}}]},"11":{"loc":{"start":{"line":90,"column":4},"end":{"line":90,"column":null}},"type":"if","locations":[{"start":{"line":90,"column":4},"end":{"line":90,"column":null}},{"start":{},"end":{}}]},"12":{"loc":{"start":{"line":95,"column":4},"end":{"line":95,"column":null}},"type":"if","locations":[{"start":{"line":95,"column":4},"end":{"line":95,"column":null}},{"start":{},"end":{}}]},"13":{"loc":{"start":{"line":124,"column":7},"end":{"line":124,"column":19}},"type":"binary-expr","locations":[{"start":{"line":124,"column":7},"end":{"line":124,"column":19}},{"start":{"line":124,"column":19},"end":{"line":124,"column":null}}]},"14":{"loc":{"start":{"line":143,"column":13},"end":{"line":143,"column":null}},"type":"binary-expr","locations":[{"start":{"line":143,"column":13},"end":{"line":143,"column":null}}]},"15":{"loc":{"start":{"line":150,"column":11},"end":{"line":150,"column":null}},"type":"binary-expr","locations":[{"start":{"line":150,"column":11},"end":{"line":150,"column":null}}]},"16":{"loc":{"start":{"line":153,"column":11},"end":{"line":153,"column":23}},"type":"binary-expr","locations":[{"start":{"line":153,"column":11},"end":{"line":153,"column":23}},{"start":{"line":153,"column":23},"end":{"line":153,"column":null}}]},"17":{"loc":{"start":{"line":156,"column":11},"end":{"line":156,"column":23}},"type":"binary-expr","locations":[{"start":{"line":156,"column":11},"end":{"line":156,"column":23}},{"start":{"line":156,"column":23},"end":{"line":156,"column":null}}]},"18":{"loc":{"start":{"line":163,"column":66},"end":{"line":163,"column":94}},"type":"cond-expr","locations":[{"start":{"line":163,"column":85},"end":{"line":163,"column":90}},{"start":{"line":163,"column":90},"end":{"line":163,"column":94}}]},"19":{"loc":{"start":{"line":176,"column":24},"end":{"line":178,"column":null}},"type":"cond-expr","locations":[{"start":{"line":177,"column":28},"end":{"line":177,"column":null}},{"start":{"line":178,"column":28},"end":{"line":178,"column":null}}]},"20":{"loc":{"start":{"line":192,"column":11},"end":{"line":192,"column":null}},"type":"binary-expr","locations":[{"start":{"line":192,"column":11},"end":{"line":192,"column":null}}]},"21":{"loc":{"start":{"line":195,"column":11},"end":{"line":195,"column":23}},"type":"binary-expr","locations":[{"start":{"line":195,"column":11},"end":{"line":195,"column":23}},{"start":{"line":195,"column":23},"end":{"line":195,"column":null}}]},"22":{"loc":{"start":{"line":223,"column":11},"end":{"line":223,"column":23}},"type":"binary-expr","locations":[{"start":{"line":223,"column":11},"end":{"line":223,"column":23}},{"start":{"line":223,"column":23},"end":{"line":223,"column":null}}]},"23":{"loc":{"start":{"line":254,"column":11},"end":{"line":254,"column":null}},"type":"binary-expr","locations":[{"start":{"line":254,"column":11},"end":{"line":254,"column":null}}]},"24":{"loc":{"start":{"line":257,"column":11},"end":{"line":257,"column":23}},"type":"binary-expr","locations":[{"start":{"line":257,"column":11},"end":{"line":257,"column":23}},{"start":{"line":257,"column":23},"end":{"line":257,"column":31}},{"start":{"line":257,"column":31},"end":{"line":257,"column":null}}]},"25":{"loc":{"start":{"line":261,"column":18},"end":{"line":263,"column":null}},"type":"cond-expr","locations":[{"start":{"line":262,"column":22},"end":{"line":262,"column":null}},{"start":{"line":263,"column":22},"end":{"line":263,"column":null}}]},"26":{"loc":{"start":{"line":274,"column":24},"end":{"line":276,"column":null}},"type":"cond-expr","locations":[{"start":{"line":275,"column":28},"end":{"line":275,"column":null}},{"start":{"line":276,"column":28},"end":{"line":276,"column":null}}]},"27":{"loc":{"start":{"line":298,"column":11},"end":{"line":298,"column":24}},"type":"binary-expr","locations":[{"start":{"line":298,"column":11},"end":{"line":298,"column":24}},{"start":{"line":298,"column":24},"end":{"line":298,"column":33}},{"start":{"line":298,"column":33},"end":{"line":298,"column":null}}]},"28":{"loc":{"start":{"line":311,"column":11},"end":{"line":311,"column":null}},"type":"binary-expr","locations":[{"start":{"line":311,"column":11},"end":{"line":311,"column":null}}]},"29":{"loc":{"start":{"line":314,"column":11},"end":{"line":314,"column":23}},"type":"binary-expr","locations":[{"start":{"line":314,"column":11},"end":{"line":314,"column":23}},{"start":{"line":314,"column":23},"end":{"line":314,"column":null}}]},"30":{"loc":{"start":{"line":326,"column":24},"end":{"line":328,"column":null}},"type":"cond-expr","locations":[{"start":{"line":327,"column":28},"end":{"line":327,"column":null}},{"start":{"line":328,"column":28},"end":{"line":328,"column":null}}]},"31":{"loc":{"start":{"line":342,"column":11},"end":{"line":342,"column":23}},"type":"binary-expr","locations":[{"start":{"line":342,"column":11},"end":{"line":342,"column":23}},{"start":{"line":342,"column":23},"end":{"line":342,"column":null}}]},"32":{"loc":{"start":{"line":348,"column":7},"end":{"line":348,"column":null}},"type":"binary-expr","locations":[{"start":{"line":348,"column":7},"end":{"line":348,"column":null}}]},"33":{"loc":{"start":{"line":353,"column":13},"end":{"line":355,"column":49}},"type":"cond-expr","locations":[{"start":{"line":354,"column":16},"end":{"line":354,"column":null}},{"start":{"line":355,"column":16},"end":{"line":355,"column":49}}]}},"s":{"0":2,"1":1,"2":1,"3":1,"4":1,"5":14,"6":2,"7":12,"8":12,"9":0,"10":12,"11":2,"12":10,"13":4,"14":6,"15":5,"16":5,"17":5,"18":5,"19":5,"20":2,"21":2,"22":2,"23":2,"24":1,"25":0,"26":1,"27":1,"28":1,"29":1,"30":1,"31":1,"32":1,"33":1,"34":1,"35":2,"36":2,"37":2,"38":2,"39":2,"40":5,"41":3,"42":2,"43":1,"44":3,"45":5,"46":3,"47":2,"48":1,"49":1,"50":1,"51":0,"52":1,"53":3,"54":5,"55":3,"56":2,"57":1,"58":3,"59":6,"60":10,"61":3,"62":6,"63":6,"64":6},"f":{"0":14,"1":5,"2":2,"3":2,"4":1,"5":2,"6":3,"7":3,"8":3,"9":1,"10":3,"11":3,"12":3,"13":6,"14":10,"15":3,"16":6,"17":6},"b":{"0":[2,12],"1":[0,12],"2":[0,12],"3":[2,10],"4":[4,6],"5":[0,1],"6":[1,0],"7":[1,0],"8":[2,0],"9":[2,1],"10":[2,1],"11":[0,1],"12":[2,1],"13":[5,3],"14":[5],"15":[5],"16":[5,3],"17":[5,3],"18":[2,4],"19":[2,8],"20":[5],"21":[5,3],"22":[5,3],"23":[5],"24":[5,3,2],"25":[6,0],"26":[3,3],"27":[5,3,2],"28":[5],"29":[5,3],"30":[3,3],"31":[5,3],"32":[5],"33":[2,0]}}
,"C:\\Shakti New Portfolio\\components\\LiveApiPlayground.tsx": {"path":"C:\\Shakti New Portfolio\\components\\LiveApiPlayground.tsx","statementMap":{"0":{"start":{"line":92,"column":16},"end":{"line":92,"column":null}},"1":{"start":{"line":3,"column":23},"end":{"line":3,"column":null}},"2":{"start":{"line":4,"column":40},"end":{"line":4,"column":null}},"3":{"start":{"line":5,"column":34},"end":{"line":5,"column":null}},"4":{"start":{"line":6,"column":42},"end":{"line":6,"column":null}},"5":{"start":{"line":17,"column":33},"end":{"line":47,"column":null}},"6":{"start":{"line":50,"column":18},"end":{"line":53,"column":null}},"7":{"start":{"line":55,"column":2},"end":{"line":71,"column":null}},"8":{"start":{"line":58,"column":6},"end":{"line":63,"column":null}},"9":{"start":{"line":59,"column":8},"end":{"line":61,"column":null}},"10":{"start":{"line":60,"column":10},"end":{"line":60,"column":null}},"11":{"start":{"line":62,"column":8},"end":{"line":62,"column":null}},"12":{"start":{"line":64,"column":6},"end":{"line":66,"column":null}},"13":{"start":{"line":65,"column":8},"end":{"line":65,"column":null}},"14":{"start":{"line":67,"column":6},"end":{"line":69,"column":null}},"15":{"start":{"line":68,"column":8},"end":{"line":68,"column":null}},"16":{"start":{"line":70,"column":6},"end":{"line":70,"column":null}},"17":{"start":{"line":76,"column":2},"end":{"line":76,"column":null}},"18":{"start":{"line":80,"column":2},"end":{"line":82,"column":null}},"19":{"start":{"line":81,"column":4},"end":{"line":81,"column":null}},"20":{"start":{"line":83,"column":2},"end":{"line":85,"column":null}},"21":{"start":{"line":84,"column":4},"end":{"line":84,"column":null}},"22":{"start":{"line":86,"column":2},"end":{"line":88,"column":null}},"23":{"start":{"line":87,"column":4},"end":{"line":87,"column":null}},"24":{"start":{"line":89,"column":2},"end":{"line":89,"column":null}},"25":{"start":{"line":93,"column":34},"end":{"line":93,"column":null}},"26":{"start":{"line":94,"column":25},"end":{"line":96,"column":null}},"27":{"start":{"line":95,"column":10},"end":{"line":95,"column":80}},"28":{"start":{"line":95,"column":39},"end":{"line":95,"column":68}},"29":{"start":{"line":99,"column":40},"end":{"line":99,"column":null}},"30":{"start":{"line":100,"column":42},"end":{"line":100,"column":null}},"31":{"start":{"line":101,"column":30},"end":{"line":101,"column":null}},"32":{"start":{"line":102,"column":36},"end":{"line":102,"column":null}},"33":{"start":{"line":103,"column":32},"end":{"line":103,"column":null}},"34":{"start":{"line":104,"column":42},"end":{"line":104,"column":null}},"35":{"start":{"line":106,"column":25},"end":{"line":111,"column":null}},"36":{"start":{"line":107,"column":4},"end":{"line":109,"column":null}},"37":{"start":{"line":108,"column":6},"end":{"line":108,"column":null}},"38":{"start":{"line":110,"column":4},"end":{"line":110,"column":null}},"39":{"start":{"line":113,"column":21},"end":{"line":182,"column":null}},"40":{"start":{"line":114,"column":17},"end":{"line":114,"column":null}},"41":{"start":{"line":115,"column":20},"end":{"line":115,"column":null}},"42":{"start":{"line":116,"column":4},"end":{"line":116,"column":null}},"43":{"start":{"line":117,"column":4},"end":{"line":117,"column":null}},"44":{"start":{"line":119,"column":4},"end":{"line":181,"column":null}},"45":{"start":{"line":120,"column":32},"end":{"line":125,"column":null}},"46":{"start":{"line":127,"column":6},"end":{"line":151,"column":null}},"47":{"start":{"line":128,"column":8},"end":{"line":133,"column":null}},"48":{"start":{"line":129,"column":10},"end":{"line":129,"column":null}},"49":{"start":{"line":130,"column":10},"end":{"line":130,"column":null}},"50":{"start":{"line":131,"column":10},"end":{"line":131,"column":null}},"51":{"start":{"line":132,"column":10},"end":{"line":132,"column":null}},"52":{"start":{"line":135,"column":8},"end":{"line":144,"column":null}},"53":{"start":{"line":136,"column":10},"end":{"line":136,"column":null}},"54":{"start":{"line":138,"column":10},"end":{"line":138,"column":null}},"55":{"start":{"line":139,"column":10},"end":{"line":140,"column":null}},"56":{"start":{"line":142,"column":10},"end":{"line":142,"column":null}},"57":{"start":{"line":143,"column":10},"end":{"line":143,"column":null}},"58":{"start":{"line":146,"column":8},"end":{"line":149,"column":null}},"59":{"start":{"line":150,"column":8},"end":{"line":150,"column":null}},"60":{"start":{"line":153,"column":23},"end":{"line":153,"column":null}},"61":{"start":{"line":154,"column":18},"end":{"line":154,"column":null}},"62":{"start":{"line":155,"column":23},"end":{"line":155,"column":null}},"63":{"start":{"line":157,"column":6},"end":{"line":157,"column":null}},"64":{"start":{"line":158,"column":6},"end":{"line":158,"column":null}},"65":{"start":{"line":160,"column":6},"end":{"line":165,"column":null}},"66":{"start":{"line":161,"column":23},"end":{"line":161,"column":null}},"67":{"start":{"line":162,"column":8},"end":{"line":162,"column":null}},"68":{"start":{"line":164,"column":8},"end":{"line":164,"column":null}},"69":{"start":{"line":167,"column":6},"end":{"line":167,"column":null}},"70":{"start":{"line":168,"column":6},"end":{"line":168,"column":null}},"71":{"start":{"line":169,"column":6},"end":{"line":176,"column":null}},"72":{"start":{"line":180,"column":6},"end":{"line":180,"column":null}},"73":{"start":{"line":184,"column":27},"end":{"line":189,"column":null}},"74":{"start":{"line":185,"column":4},"end":{"line":185,"column":null}},"75":{"start":{"line":186,"column":21},"end":{"line":186,"column":null}},"76":{"start":{"line":187,"column":4},"end":{"line":187,"column":null}},"77":{"start":{"line":188,"column":4},"end":{"line":188,"column":null}},"78":{"start":{"line":219,"column":29},"end":{"line":219,"column":null}},"79":{"start":{"line":220,"column":14},"end":{"line":222,"column":null}},"80":{"start":{"line":224,"column":33},"end":{"line":224,"column":null}},"81":{"start":{"line":245,"column":37},"end":{"line":245,"column":null}},"82":{"start":{"line":255,"column":29},"end":{"line":255,"column":null}},"83":{"start":{"line":264,"column":29},"end":{"line":264,"column":null}}},"fnMap":{"0":{"name":"highlightJson","decl":{"start":{"line":49,"column":9},"end":{"line":49,"column":23}},"loc":{"start":{"line":49,"column":35},"end":{"line":73,"column":null}}},"1":{"name":"(anonymous_2)","decl":{"start":{"line":57,"column":4},"end":{"line":57,"column":5}},"loc":{"start":{"line":57,"column":5},"end":{"line":71,"column":null}}},"2":{"name":"methodBadge","decl":{"start":{"line":75,"column":9},"end":{"line":75,"column":21}},"loc":{"start":{"line":75,"column":50},"end":{"line":77,"column":null}}},"3":{"name":"statusColor","decl":{"start":{"line":79,"column":9},"end":{"line":79,"column":21}},"loc":{"start":{"line":79,"column":42},"end":{"line":90,"column":null}}},"4":{"name":"LiveApiPlayground","decl":{"start":{"line":92,"column":16},"end":{"line":92,"column":null}},"loc":{"start":{"line":92,"column":16},"end":{"line":309,"column":null}}},"5":{"name":"(anonymous_6)","decl":{"start":{"line":95,"column":4},"end":{"line":95,"column":10}},"loc":{"start":{"line":95,"column":10},"end":{"line":95,"column":80}}},"6":{"name":"(anonymous_7)","decl":{"start":{"line":95,"column":25},"end":{"line":95,"column":26}},"loc":{"start":{"line":95,"column":39},"end":{"line":95,"column":68}}},"7":{"name":"(anonymous_8)","decl":{"start":{"line":106,"column":33},"end":{"line":106,"column":null}},"loc":{"start":{"line":106,"column":33},"end":{"line":111,"column":5}}},"8":{"name":"(anonymous_9)","decl":{"start":{"line":113,"column":21},"end":{"line":113,"column":28}},"loc":{"start":{"line":113,"column":51},"end":{"line":182,"column":null}}},"9":{"name":"(anonymous_10)","decl":{"start":{"line":184,"column":27},"end":{"line":184,"column":34}},"loc":{"start":{"line":184,"column":34},"end":{"line":189,"column":null}}},"10":{"name":"(anonymous_11)","decl":{"start":{"line":218,"column":27},"end":{"line":218,"column":28}},"loc":{"start":{"line":218,"column":28},"end":{"line":237,"column":null}}},"11":{"name":"(anonymous_12)","decl":{"start":{"line":224,"column":27},"end":{"line":224,"column":33}},"loc":{"start":{"line":224,"column":33},"end":{"line":224,"column":null}}},"12":{"name":"(anonymous_13)","decl":{"start":{"line":245,"column":26},"end":{"line":245,"column":27}},"loc":{"start":{"line":245,"column":37},"end":{"line":245,"column":null}}},"13":{"name":"(anonymous_14)","decl":{"start":{"line":255,"column":23},"end":{"line":255,"column":29}},"loc":{"start":{"line":255,"column":29},"end":{"line":255,"column":null}}},"14":{"name":"(anonymous_15)","decl":{"start":{"line":264,"column":23},"end":{"line":264,"column":29}},"loc":{"start":{"line":264,"column":29},"end":{"line":264,"column":null}}}},"branchMap":{"0":{"loc":{"start":{"line":58,"column":6},"end":{"line":63,"column":null}},"type":"if","locations":[{"start":{"line":58,"column":6},"end":{"line":63,"column":null}},{"start":{},"end":{}}]},"1":{"loc":{"start":{"line":59,"column":8},"end":{"line":61,"column":null}},"type":"if","locations":[{"start":{"line":59,"column":8},"end":{"line":61,"column":null}},{"start":{},"end":{}}]},"2":{"loc":{"start":{"line":64,"column":6},"end":{"line":66,"column":null}},"type":"if","locations":[{"start":{"line":64,"column":6},"end":{"line":66,"column":null}},{"start":{},"end":{}}]},"3":{"loc":{"start":{"line":67,"column":6},"end":{"line":69,"column":null}},"type":"if","locations":[{"start":{"line":67,"column":6},"end":{"line":69,"column":null}},{"start":{},"end":{}}]},"4":{"loc":{"start":{"line":76,"column":9},"end":{"line":76,"column":null}},"type":"cond-expr","locations":[{"start":{"line":76,"column":28},"end":{"line":76,"column":56}},{"start":{"line":76,"column":56},"end":{"line":76,"column":null}}]},"5":{"loc":{"start":{"line":80,"column":2},"end":{"line":82,"column":null}},"type":"if","locations":[{"start":{"line":80,"column":2},"end":{"line":82,"column":null}},{"start":{},"end":{}}]},"6":{"loc":{"start":{"line":83,"column":2},"end":{"line":85,"column":null}},"type":"if","locations":[{"start":{"line":83,"column":2},"end":{"line":85,"column":null}},{"start":{},"end":{}}]},"7":{"loc":{"start":{"line":83,"column":6},"end":{"line":83,"column":37}},"type":"binary-expr","locations":[{"start":{"line":83,"column":6},"end":{"line":83,"column":23}},{"start":{"line":83,"column":23},"end":{"line":83,"column":37}}]},"8":{"loc":{"start":{"line":86,"column":2},"end":{"line":88,"column":null}},"type":"if","locations":[{"start":{"line":86,"column":2},"end":{"line":88,"column":null}},{"start":{},"end":{}}]},"9":{"loc":{"start":{"line":95,"column":10},"end":{"line":95,"column":80}},"type":"binary-expr","locations":[{"start":{"line":95,"column":10},"end":{"line":95,"column":68}},{"start":{"line":95,"column":68},"end":{"line":95,"column":80}}]},"10":{"loc":{"start":{"line":99,"column":49},"end":{"line":99,"column":null}},"type":"binary-expr","locations":[{"start":{"line":99,"column":49},"end":{"line":99,"column":76}},{"start":{"line":99,"column":80},"end":{"line":99,"column":null}}]},"11":{"loc":{"start":{"line":107,"column":4},"end":{"line":109,"column":null}},"type":"if","locations":[{"start":{"line":107,"column":4},"end":{"line":109,"column":null}},{"start":{},"end":{}}]},"12":{"loc":{"start":{"line":114,"column":17},"end":{"line":114,"column":null}},"type":"binary-expr","locations":[{"start":{"line":114,"column":17},"end":{"line":114,"column":28}},{"start":{"line":114,"column":28},"end":{"line":114,"column":null}}]},"13":{"loc":{"start":{"line":127,"column":6},"end":{"line":151,"column":null}},"type":"if","locations":[{"start":{"line":127,"column":6},"end":{"line":151,"column":null}},{"start":{},"end":{}}]},"14":{"loc":{"start":{"line":128,"column":8},"end":{"line":133,"column":null}},"type":"if","locations":[{"start":{"line":128,"column":8},"end":{"line":133,"column":null}},{"start":{},"end":{}}]},"15":{"loc":{"start":{"line":186,"column":21},"end":{"line":186,"column":null}},"type":"binary-expr","locations":[{"start":{"line":186,"column":21},"end":{"line":186,"column":42}},{"start":{"line":186,"column":46},"end":{"line":186,"column":null}}]},"16":{"loc":{"start":{"line":225,"column":96},"end":{"line":225,"column":133}},"type":"cond-expr","locations":[{"start":{"line":225,"column":105},"end":{"line":225,"column":130}},{"start":{"line":225,"column":130},"end":{"line":225,"column":133}}]},"17":{"loc":{"start":{"line":240,"column":11},"end":{"line":240,"column":null}},"type":"binary-expr","locations":[{"start":{"line":240,"column":11},"end":{"line":240,"column":null}}]},"18":{"loc":{"start":{"line":260,"column":15},"end":{"line":260,"column":null}},"type":"cond-expr","locations":[{"start":{"line":260,"column":25},"end":{"line":260,"column":40}},{"start":{"line":260,"column":40},"end":{"line":260,"column":null}}]},"19":{"loc":{"start":{"line":290,"column":17},"end":{"line":290,"column":69}},"type":"cond-expr","locations":[{"start":{"line":290,"column":35},"end":{"line":290,"column":50}},{"start":{"line":290,"column":50},"end":{"line":290,"column":69}}]},"20":{"loc":{"start":{"line":292,"column":46},"end":{"line":292,"column":94}},"type":"cond-expr","locations":[{"start":{"line":292,"column":67},"end":{"line":292,"column":77}},{"start":{"line":292,"column":77},"end":{"line":292,"column":94}}]}},"s":{"0":5,"1":2,"2":2,"3":2,"4":2,"5":2,"6":8,"7":8,"8":79,"9":73,"10":41,"11":32,"12":6,"13":0,"14":6,"15":0,"16":6,"17":88,"18":22,"19":10,"20":12,"21":8,"22":4,"23":4,"24":0,"25":22,"26":22,"27":8,"28":14,"29":22,"30":22,"31":22,"32":22,"33":22,"34":22,"35":22,"36":13,"37":5,"38":8,"39":22,"40":8,"41":8,"42":8,"43":8,"44":8,"45":8,"46":8,"47":6,"48":1,"49":1,"50":1,"51":1,"52":5,"53":5,"54":1,"55":1,"56":1,"57":1,"58":4,"59":4,"60":6,"61":5,"62":5,"63":5,"64":5,"65":5,"66":5,"67":5,"68":0,"69":1,"70":1,"71":1,"72":8,"73":22,"74":3,"75":3,"76":3,"77":3,"78":66,"79":66,"80":3,"81":3,"82":5,"83":0},"f":{"0":8,"1":79,"2":88,"3":22,"4":22,"5":8,"6":14,"7":13,"8":8,"9":3,"10":66,"11":3,"12":3,"13":5,"14":0},"b":{"0":[73,6],"1":[41,32],"2":[0,6],"3":[0,6],"4":[53,35],"5":[10,12],"6":[8,4],"7":[12,12],"8":[4,0],"9":[8,0],"10":[22,9],"11":[5,8],"12":[8,5],"13":[6,2],"14":[1,5],"15":[3,0],"16":[22,44],"17":[22],"18":[6,16],"19":[10,12],"20":[10,12]}}
,"C:\\Shakti New Portfolio\\components\\Navbar.tsx": {"path":"C:\\Shakti New Portfolio\\components\\Navbar.tsx","statementMap":{"0":{"start":{"line":9,"column":16},"end":{"line":9,"column":null}},"1":{"start":{"line":3,"column":35},"end":{"line":3,"column":null}},"2":{"start":{"line":4,"column":23},"end":{"line":4,"column":null}},"3":{"start":{"line":5,"column":25},"end":{"line":5,"column":null}},"4":{"start":{"line":6,"column":25},"end":{"line":6,"column":null}},"5":{"start":{"line":7,"column":25},"end":{"line":7,"column":null}},"6":{"start":{"line":10,"column":26},"end":{"line":10,"column":null}},"7":{"start":{"line":11,"column":42},"end":{"line":11,"column":null}},"8":{"start":{"line":12,"column":17},"end":{"line":12,"column":null}},"9":{"start":{"line":13,"column":21},"end":{"line":17,"column":null}},"10":{"start":{"line":28,"column":12},"end":{"line":28,"column":null}},"11":{"start":{"line":56,"column":27},"end":{"line":56,"column":null}},"12":{"start":{"line":56,"column":45},"end":{"line":56,"column":null}},"13":{"start":{"line":72,"column":14},"end":{"line":72,"column":null}},"14":{"start":{"line":73,"column":51},"end":{"line":73,"column":67}}},"fnMap":{"0":{"name":"Navbar","decl":{"start":{"line":9,"column":16},"end":{"line":9,"column":null}},"loc":{"start":{"line":9,"column":16},"end":{"line":83,"column":null}}},"1":{"name":"(anonymous_2)","decl":{"start":{"line":27,"column":24},"end":{"line":27,"column":25}},"loc":{"start":{"line":28,"column":12},"end":{"line":28,"column":null}}},"2":{"name":"(anonymous_3)","decl":{"start":{"line":56,"column":21},"end":{"line":56,"column":27}},"loc":{"start":{"line":56,"column":27},"end":{"line":56,"column":null}}},"3":{"name":"(anonymous_4)","decl":{"start":{"line":56,"column":35},"end":{"line":56,"column":36}},"loc":{"start":{"line":56,"column":45},"end":{"line":56,"column":null}}},"4":{"name":"(anonymous_5)","decl":{"start":{"line":71,"column":26},"end":{"line":71,"column":27}},"loc":{"start":{"line":72,"column":14},"end":{"line":72,"column":null}}},"5":{"name":"(anonymous_6)","decl":{"start":{"line":73,"column":45},"end":{"line":73,"column":51}},"loc":{"start":{"line":73,"column":51},"end":{"line":73,"column":67}}}},"branchMap":{"0":{"loc":{"start":{"line":12,"column":17},"end":{"line":12,"column":null}},"type":"cond-expr","locations":[{"start":{"line":12,"column":27},"end":{"line":12,"column":46}},{"start":{"line":12,"column":46},"end":{"line":12,"column":null}}]},"1":{"loc":{"start":{"line":13,"column":21},"end":{"line":17,"column":null}},"type":"cond-expr","locations":[{"start":{"line":14,"column":6},"end":{"line":16,"column":null}},{"start":{"line":17,"column":6},"end":{"line":17,"column":null}}]},"2":{"loc":{"start":{"line":14,"column":6},"end":{"line":16,"column":null}},"type":"cond-expr","locations":[{"start":{"line":15,"column":8},"end":{"line":15,"column":null}},{"start":{"line":16,"column":8},"end":{"line":16,"column":null}}]},"3":{"loc":{"start":{"line":46,"column":65},"end":{"line":46,"column":139}},"type":"cond-expr","locations":[{"start":{"line":46,"column":74},"end":{"line":46,"column":106}},{"start":{"line":46,"column":106},"end":{"line":46,"column":139}}]},"4":{"loc":{"start":{"line":50,"column":65},"end":{"line":50,"column":140}},"type":"cond-expr","locations":[{"start":{"line":50,"column":74},"end":{"line":50,"column":109}},{"start":{"line":50,"column":109},"end":{"line":50,"column":140}}]},"5":{"loc":{"start":{"line":59,"column":20},"end":{"line":59,"column":39}},"type":"cond-expr","locations":[{"start":{"line":59,"column":20},"end":{"line":59,"column":39}}]},"6":{"loc":{"start":{"line":64,"column":7},"end":{"line":64,"column":null}},"type":"binary-expr","locations":[{"start":{"line":64,"column":7},"end":{"line":64,"column":null}}]}},"s":{"0":4,"1":2,"2":2,"3":2,"4":2,"5":2,"6":8,"7":8,"8":8,"9":8,"10":96,"11":1,"12":1,"13":12,"14":1},"f":{"0":8,"1":96,"2":1,"3":1,"4":12,"5":1},"b":{"0":[7,1],"1":[7,1],"2":[6,1],"3":[7,1],"4":[7,1],"5":[1],"6":[8]}}
,"C:\\Shakti New Portfolio\\components\\theme\\ThemeProvider.tsx": {"path":"C:\\Shakti New Portfolio\\components\\theme\\ThemeProvider.tsx","statementMap":{"0":{"start":{"line":34,"column":16},"end":{"line":34,"column":29}},"1":{"start":{"line":89,"column":16},"end":{"line":89,"column":24}},"2":{"start":{"line":3,"column":72},"end":{"line":3,"column":null}},"3":{"start":{"line":14,"column":20},"end":{"line":14,"column":null}},"4":{"start":{"line":16,"column":21},"end":{"line":16,"column":null}},"5":{"start":{"line":19,"column":2},"end":{"line":21,"column":null}},"6":{"start":{"line":20,"column":4},"end":{"line":20,"column":null}},"7":{"start":{"line":22,"column":2},"end":{"line":22,"column":null}},"8":{"start":{"line":26,"column":15},"end":{"line":26,"column":39}},"9":{"start":{"line":27,"column":2},"end":{"line":27,"column":null}},"10":{"start":{"line":28,"column":2},"end":{"line":28,"column":null}},"11":{"start":{"line":29,"column":2},"end":{"line":29,"column":null}},"12":{"start":{"line":30,"column":2},"end":{"line":30,"column":null}},"13":{"start":{"line":31,"column":2},"end":{"line":31,"column":null}},"14":{"start":{"line":35,"column":33},"end":{"line":40,"column":null}},"15":{"start":{"line":36,"column":4},"end":{"line":38,"column":null}},"16":{"start":{"line":37,"column":6},"end":{"line":37,"column":null}},"17":{"start":{"line":39,"column":4},"end":{"line":39,"column":null}},"18":{"start":{"line":41,"column":32},"end":{"line":41,"column":null}},"19":{"start":{"line":43,"column":2},"end":{"line":61,"column":null}},"20":{"start":{"line":44,"column":4},"end":{"line":60,"column":null}},"21":{"start":{"line":45,"column":20},"end":{"line":45,"column":null}},"22":{"start":{"line":46,"column":6},"end":{"line":53,"column":null}},"23":{"start":{"line":47,"column":8},"end":{"line":47,"column":null}},"24":{"start":{"line":48,"column":8},"end":{"line":48,"column":null}},"25":{"start":{"line":50,"column":28},"end":{"line":50,"column":null}},"26":{"start":{"line":51,"column":8},"end":{"line":51,"column":null}},"27":{"start":{"line":52,"column":8},"end":{"line":52,"column":null}},"28":{"start":{"line":55,"column":26},"end":{"line":55,"column":null}},"29":{"start":{"line":56,"column":6},"end":{"line":56,"column":null}},"30":{"start":{"line":57,"column":6},"end":{"line":57,"column":null}},"31":{"start":{"line":59,"column":6},"end":{"line":59,"column":null}},"32":{"start":{"line":63,"column":2},"end":{"line":74,"column":null}},"33":{"start":{"line":64,"column":4},"end":{"line":66,"column":null}},"34":{"start":{"line":65,"column":6},"end":{"line":65,"column":null}},"35":{"start":{"line":68,"column":4},"end":{"line":68,"column":null}},"36":{"start":{"line":69,"column":4},"end":{"line":73,"column":null}},"37":{"start":{"line":70,"column":6},"end":{"line":70,"column":null}},"38":{"start":{"line":76,"column":16},"end":{"line":83,"column":null}},"39":{"start":{"line":77,"column":11},"end":{"line":82,"column":null}},"40":{"start":{"line":80,"column":38},"end":{"line":80,"column":null}},"41":{"start":{"line":81,"column":25},"end":{"line":81,"column":null}},"42":{"start":{"line":81,"column":53},"end":{"line":81,"column":null}},"43":{"start":{"line":90,"column":18},"end":{"line":90,"column":null}},"44":{"start":{"line":91,"column":2},"end":{"line":93,"column":null}},"45":{"start":{"line":92,"column":4},"end":{"line":92,"column":null}},"46":{"start":{"line":94,"column":2},"end":{"line":94,"column":null}}},"fnMap":{"0":{"name":"getSystemTheme","decl":{"start":{"line":18,"column":9},"end":{"line":18,"column":null}},"loc":{"start":{"line":18,"column":9},"end":{"line":23,"column":null}}},"1":{"name":"applyTheme","decl":{"start":{"line":25,"column":9},"end":{"line":25,"column":20}},"loc":{"start":{"line":25,"column":32},"end":{"line":32,"column":null}}},"2":{"name":"ThemeProvider","decl":{"start":{"line":34,"column":16},"end":{"line":34,"column":29}},"loc":{"start":{"line":34,"column":73},"end":{"line":87,"column":null}}},"3":{"name":"(anonymous_6)","decl":{"start":{"line":35,"column":49},"end":{"line":35,"column":null}},"loc":{"start":{"line":35,"column":49},"end":{"line":40,"column":null}}},"4":{"name":"(anonymous_7)","decl":{"start":{"line":43,"column":12},"end":{"line":43,"column":null}},"loc":{"start":{"line":43,"column":12},"end":{"line":61,"column":5}}},"5":{"name":"(anonymous_8)","decl":{"start":{"line":63,"column":12},"end":{"line":63,"column":null}},"loc":{"start":{"line":63,"column":12},"end":{"line":74,"column":5}}},"6":{"name":"(anonymous_9)","decl":{"start":{"line":77,"column":4},"end":{"line":77,"column":11}},"loc":{"start":{"line":77,"column":11},"end":{"line":82,"column":null}}},"7":{"name":"(anonymous_10)","decl":{"start":{"line":80,"column":16},"end":{"line":80,"column":17}},"loc":{"start":{"line":80,"column":38},"end":{"line":80,"column":null}}},"8":{"name":"(anonymous_11)","decl":{"start":{"line":81,"column":19},"end":{"line":81,"column":25}},"loc":{"start":{"line":81,"column":25},"end":{"line":81,"column":null}}},"9":{"name":"(anonymous_12)","decl":{"start":{"line":81,"column":39},"end":{"line":81,"column":40}},"loc":{"start":{"line":81,"column":53},"end":{"line":81,"column":null}}},"10":{"name":"useTheme","decl":{"start":{"line":89,"column":16},"end":{"line":89,"column":24}},"loc":{"start":{"line":89,"column":16},"end":{"line":95,"column":null}}}},"branchMap":{"0":{"loc":{"start":{"line":19,"column":2},"end":{"line":21,"column":null}},"type":"if","locations":[{"start":{"line":19,"column":2},"end":{"line":21,"column":null}},{"start":{},"end":{}}]},"1":{"loc":{"start":{"line":19,"column":6},"end":{"line":19,"column":96}},"type":"binary-expr","locations":[{"start":{"line":19,"column":6},"end":{"line":19,"column":39}},{"start":{"line":19,"column":39},"end":{"line":19,"column":96}}]},"2":{"loc":{"start":{"line":36,"column":4},"end":{"line":38,"column":null}},"type":"if","locations":[{"start":{"line":36,"column":4},"end":{"line":38,"column":null}},{"start":{},"end":{}}]},"3":{"loc":{"start":{"line":37,"column":13},"end":{"line":37,"column":null}},"type":"cond-expr","locations":[{"start":{"line":37,"column":66},"end":{"line":37,"column":76}},{"start":{"line":37,"column":76},"end":{"line":37,"column":null}}]},"4":{"loc":{"start":{"line":46,"column":6},"end":{"line":53,"column":null}},"type":"if","locations":[{"start":{"line":46,"column":6},"end":{"line":53,"column":null}},{"start":{"line":49,"column":13},"end":{"line":53,"column":null}}]},"5":{"loc":{"start":{"line":46,"column":10},"end":{"line":46,"column":49}},"type":"binary-expr","locations":[{"start":{"line":46,"column":10},"end":{"line":46,"column":31}},{"start":{"line":46,"column":31},"end":{"line":46,"column":49}}]},"6":{"loc":{"start":{"line":64,"column":4},"end":{"line":66,"column":null}},"type":"if","locations":[{"start":{"line":64,"column":4},"end":{"line":66,"column":null}},{"start":{},"end":{}}]},"7":{"loc":{"start":{"line":81,"column":53},"end":{"line":81,"column":null}},"type":"cond-expr","locations":[{"start":{"line":81,"column":74},"end":{"line":81,"column":84}},{"start":{"line":81,"column":84},"end":{"line":81,"column":null}}]},"8":{"loc":{"start":{"line":91,"column":2},"end":{"line":93,"column":null}},"type":"if","locations":[{"start":{"line":91,"column":2},"end":{"line":93,"column":null}},{"start":{},"end":{}}]}},"s":{"0":3,"1":13,"2":5,"3":5,"4":5,"5":1,"6":1,"7":0,"8":8,"9":8,"10":8,"11":8,"12":8,"13":8,"14":8,"15":3,"16":3,"17":0,"18":8,"19":8,"20":3,"21":3,"22":3,"23":2,"24":2,"25":1,"26":1,"27":1,"28":0,"29":0,"30":0,"31":3,"32":8,"33":8,"34":3,"35":5,"36":5,"37":5,"38":8,"39":8,"40":0,"41":2,"42":2,"43":13,"44":12,"45":4,"46":8},"f":{"0":1,"1":8,"2":8,"3":3,"4":3,"5":8,"6":8,"7":0,"8":2,"9":2,"10":13},"b":{"0":[1,0],"1":[1,1],"2":[3,0],"3":[0,3],"4":[2,1],"5":[3,1],"6":[3,5],"7":[1,1],"8":[4,8]}}
}
