TN:
SF:app\api\auth\route.ts
FN:15,POST
FNF:1
FNH:1
FNDA:4,POST
DA:1,1
DA:8,1
DA:15,4
DA:18,4
DA:19,4
DA:21,1
DA:30,3
DA:31,1
DA:40,2
DA:41,1
DA:50,1
LF:11
LH:11
BRDA:30,0,0,1
BRDA:30,0,1,2
BRDA:30,1,0,3
BRDA:30,1,1,3
BRDA:40,2,0,1
BRDA:40,2,1,1
BRDA:40,3,0,2
BRDA:40,3,1,2
BRF:8
BRH:8
end_of_record
TN:
SF:app\api\news\route.ts
FN:3,GET
FNF:1
FNH:1
FNDA:1,GET
DA:1,1
DA:3,1
DA:4,1
LF:3
LH:3
BRF:0
BRH:0
end_of_record
TN:
SF:app\api\stocks\route.ts
FN:10,GET
FN:11,(anonymous_2)
FNF:2
FNH:2
FNDA:1,GET
FNDA:4,(anonymous_2)
DA:1,1
DA:3,1
DA:10,1
DA:11,1
DA:12,4
DA:13,4
DA:14,4
DA:15,4
DA:17,4
DA:26,1
LF:10
LH:10
BRF:0
BRH:0
end_of_record
TN:
SF:components\Experience.tsx
FN:7,Experience
FN:22,(anonymous_2)
FN:36,(anonymous_3)
FNF:3
FNH:3
FNDA:1,Experience
FNDA:2,(anonymous_2)
FNDA:10,(anonymous_3)
DA:3,1
DA:4,1
DA:5,1
DA:7,1
DA:23,2
DA:37,10
LF:6
LH:6
BRF:0
BRH:0
end_of_record
TN:
SF:components\GitHubActivity.tsx
FN:38,heatColor
FN:47,GitHubActivity
FN:54,(anonymous_3)
FN:56,(anonymous_4)
FN:65,(anonymous_5)
FN:77,(anonymous_6)
FN:82,(anonymous_7)
FN:84,(anonymous_8)
FN:87,(anonymous_9)
FN:89,(anonymous_10)
FN:91,(anonymous_11)
FN:94,(anonymous_12)
FN:97,(anonymous_13)
FN:160,(anonymous_14)
FN:172,(anonymous_15)
FN:229,(anonymous_16)
FN:259,(anonymous_17)
FN:316,(anonymous_18)
FNF:18
FNH:18
FNDA:14,heatColor
FNDA:5,GitHubActivity
FNDA:2,(anonymous_3)
FNDA:2,(anonymous_4)
FNDA:1,(anonymous_5)
FNDA:2,(anonymous_6)
FNDA:3,(anonymous_7)
FNDA:3,(anonymous_8)
FNDA:3,(anonymous_9)
FNDA:1,(anonymous_10)
FNDA:3,(anonymous_11)
FNDA:3,(anonymous_12)
FNDA:3,(anonymous_13)
FNDA:6,(anonymous_14)
FNDA:10,(anonymous_15)
FNDA:3,(anonymous_16)
FNDA:6,(anonymous_17)
FNDA:6,(anonymous_18)
DA:3,1
DA:4,1
DA:5,1
DA:6,1
DA:39,14
DA:40,12
DA:41,12
DA:42,12
DA:43,10
DA:44,6
DA:47,2
DA:48,5
DA:49,5
DA:50,5
DA:52,5
DA:54,5
DA:55,2
DA:56,2
DA:57,2
DA:58,2
DA:59,1
DA:60,1
DA:61,1
DA:62,1
DA:63,1
DA:65,1
DA:68,1
DA:69,1
DA:70,1
DA:73,2
DA:76,2
DA:77,2
DA:78,2
DA:82,5
DA:83,3
DA:84,3
DA:87,5
DA:88,3
DA:89,1
DA:90,1
DA:91,3
DA:94,5
DA:95,3
DA:96,1
DA:97,3
DA:161,6
DA:173,10
DA:230,3
DA:261,6
DA:264,6
DA:317,6
LF:51
LH:51
BRDA:39,0,0,2
BRDA:39,0,1,12
BRDA:40,1,0,0
BRDA:40,1,1,12
BRDA:41,2,0,0
BRDA:41,2,1,12
BRDA:42,3,0,2
BRDA:42,3,1,10
BRDA:43,4,0,4
BRDA:43,4,1,6
BRDA:59,5,0,0
BRDA:59,5,1,1
BRDA:61,6,0,1
BRDA:61,6,1,0
BRDA:68,7,0,1
BRDA:68,7,1,0
BRDA:73,8,0,2
BRDA:73,8,1,0
BRDA:83,9,0,2
BRDA:83,9,1,1
BRDA:88,10,0,2
BRDA:88,10,1,1
BRDA:90,11,0,0
BRDA:90,11,1,1
BRDA:95,12,0,2
BRDA:95,12,1,1
BRDA:124,13,0,5
BRDA:124,13,1,3
BRDA:143,14,0,5
BRDA:150,15,0,5
BRDA:153,16,0,5
BRDA:153,16,1,3
BRDA:156,17,0,5
BRDA:156,17,1,3
BRDA:163,18,0,2
BRDA:163,18,1,4
BRDA:176,19,0,2
BRDA:176,19,1,8
BRDA:192,20,0,5
BRDA:195,21,0,5
BRDA:195,21,1,3
BRDA:223,22,0,5
BRDA:223,22,1,3
BRDA:254,23,0,5
BRDA:257,24,0,5
BRDA:257,24,1,3
BRDA:257,24,2,2
BRDA:261,25,0,6
BRDA:261,25,1,0
BRDA:274,26,0,3
BRDA:274,26,1,3
BRDA:298,27,0,5
BRDA:298,27,1,3
BRDA:298,27,2,2
BRDA:311,28,0,5
BRDA:314,29,0,5
BRDA:314,29,1,3
BRDA:326,30,0,3
BRDA:326,30,1,3
BRDA:342,31,0,5
BRDA:342,31,1,3
BRDA:348,32,0,5
BRDA:353,33,0,2
BRDA:353,33,1,0
BRF:64
BRH:55
end_of_record
TN:
SF:components\LiveApiPlayground.tsx
FN:49,highlightJson
FN:57,(anonymous_2)
FN:75,methodBadge
FN:79,statusColor
FN:92,LiveApiPlayground
FN:95,(anonymous_6)
FN:95,(anonymous_7)
FN:106,(anonymous_8)
FN:113,(anonymous_9)
FN:184,(anonymous_10)
FN:218,(anonymous_11)
FN:224,(anonymous_12)
FN:245,(anonymous_13)
FN:255,(anonymous_14)
FN:264,(anonymous_15)
FNF:15
FNH:14
FNDA:8,highlightJson
FNDA:79,(anonymous_2)
FNDA:88,methodBadge
FNDA:22,statusColor
FNDA:22,LiveApiPlayground
FNDA:8,(anonymous_6)
FNDA:14,(anonymous_7)
FNDA:13,(anonymous_8)
FNDA:8,(anonymous_9)
FNDA:3,(anonymous_10)
FNDA:66,(anonymous_11)
FNDA:3,(anonymous_12)
FNDA:3,(anonymous_13)
FNDA:5,(anonymous_14)
FNDA:0,(anonymous_15)
DA:3,2
DA:4,2
DA:5,2
DA:6,2
DA:17,2
DA:50,8
DA:55,8
DA:58,79
DA:59,73
DA:60,41
DA:62,32
DA:64,6
DA:65,0
DA:67,6
DA:68,0
DA:70,6
DA:76,88
DA:80,22
DA:81,10
DA:83,12
DA:84,8
DA:86,4
DA:87,4
DA:89,0
DA:92,5
DA:93,22
DA:94,22
DA:95,14
DA:99,22
DA:100,22
DA:101,22
DA:102,22
DA:103,22
DA:104,22
DA:106,22
DA:107,13
DA:108,5
DA:110,8
DA:113,22
DA:114,8
DA:115,8
DA:116,8
DA:117,8
DA:119,8
DA:120,8
DA:127,8
DA:128,6
DA:129,1
DA:130,1
DA:131,1
DA:132,1
DA:135,5
DA:136,5
DA:138,1
DA:139,1
DA:142,1
DA:143,1
DA:146,4
DA:150,4
DA:153,6
DA:154,5
DA:155,5
DA:157,5
DA:158,5
DA:160,5
DA:161,5
DA:162,5
DA:164,0
DA:167,1
DA:168,1
DA:169,1
DA:180,8
DA:184,22
DA:185,3
DA:186,3
DA:187,3
DA:188,3
DA:219,66
DA:220,66
DA:224,3
DA:245,3
DA:255,5
DA:264,0
LF:83
LH:78
BRDA:58,0,0,73
BRDA:58,0,1,6
BRDA:59,1,0,41
BRDA:59,1,1,32
BRDA:64,2,0,0
BRDA:64,2,1,6
BRDA:67,3,0,0
BRDA:67,3,1,6
BRDA:76,4,0,53
BRDA:76,4,1,35
BRDA:80,5,0,10
BRDA:80,5,1,12
BRDA:83,6,0,8
BRDA:83,6,1,4
BRDA:83,7,0,12
BRDA:83,7,1,12
BRDA:86,8,0,4
BRDA:86,8,1,0
BRDA:95,9,0,8
BRDA:95,9,1,0
BRDA:99,10,0,22
BRDA:99,10,1,9
BRDA:107,11,0,5
BRDA:107,11,1,8
BRDA:114,12,0,8
BRDA:114,12,1,5
BRDA:127,13,0,6
BRDA:127,13,1,2
BRDA:128,14,0,1
BRDA:128,14,1,5
BRDA:186,15,0,3
BRDA:186,15,1,0
BRDA:225,16,0,22
BRDA:225,16,1,44
BRDA:240,17,0,22
BRDA:260,18,0,6
BRDA:260,18,1,16
BRDA:290,19,0,10
BRDA:290,19,1,12
BRDA:292,20,0,10
BRDA:292,20,1,12
BRF:41
BRH:36
end_of_record
TN:
SF:components\Navbar.tsx
FN:9,Navbar
FN:27,(anonymous_2)
FN:56,(anonymous_3)
FN:56,(anonymous_4)
FN:71,(anonymous_5)
FN:73,(anonymous_6)
FNF:6
FNH:6
FNDA:8,Navbar
FNDA:96,(anonymous_2)
FNDA:1,(anonymous_3)
FNDA:1,(anonymous_4)
FNDA:12,(anonymous_5)
FNDA:1,(anonymous_6)
DA:3,2
DA:4,2
DA:5,2
DA:6,2
DA:7,2
DA:9,4
DA:10,8
DA:11,8
DA:12,8
DA:13,8
DA:28,96
DA:56,1
DA:72,12
DA:73,1
LF:14
LH:14
BRDA:12,0,0,7
BRDA:12,0,1,1
BRDA:13,1,0,7
BRDA:13,1,1,1
BRDA:14,2,0,6
BRDA:14,2,1,1
BRDA:46,3,0,7
BRDA:46,3,1,1
BRDA:50,4,0,7
BRDA:50,4,1,1
BRDA:59,5,0,1
BRDA:64,6,0,8
BRF:12
BRH:12
end_of_record
TN:
SF:components\theme\ThemeProvider.tsx
FN:18,getSystemTheme
FN:25,applyTheme
FN:34,ThemeProvider
FN:35,(anonymous_6)
FN:43,(anonymous_7)
FN:63,(anonymous_8)
FN:77,(anonymous_9)
FN:80,(anonymous_10)
FN:81,(anonymous_11)
FN:81,(anonymous_12)
FN:89,useTheme
FNF:11
FNH:10
FNDA:1,getSystemTheme
FNDA:8,applyTheme
FNDA:8,ThemeProvider
FNDA:3,(anonymous_6)
FNDA:3,(anonymous_7)
FNDA:8,(anonymous_8)
FNDA:8,(anonymous_9)
FNDA:0,(anonymous_10)
FNDA:2,(anonymous_11)
FNDA:2,(anonymous_12)
FNDA:13,useTheme
DA:3,5
DA:14,5
DA:16,5
DA:19,1
DA:20,1
DA:22,0
DA:26,8
DA:27,8
DA:28,8
DA:29,8
DA:30,8
DA:31,8
DA:34,3
DA:35,8
DA:36,3
DA:37,3
DA:39,0
DA:41,8
DA:43,8
DA:44,3
DA:45,3
DA:46,3
DA:47,2
DA:48,2
DA:50,1
DA:51,1
DA:52,1
DA:55,0
DA:56,0
DA:57,0
DA:59,3
DA:63,8
DA:64,8
DA:65,3
DA:68,5
DA:69,5
DA:70,5
DA:76,8
DA:77,8
DA:80,0
DA:81,2
DA:89,13
DA:90,13
DA:91,12
DA:92,4
DA:94,8
LF:46
LH:40
BRDA:19,0,0,1
BRDA:19,0,1,0
BRDA:19,1,0,1
BRDA:19,1,1,1
BRDA:36,2,0,3
BRDA:36,2,1,0
BRDA:37,3,0,0
BRDA:37,3,1,3
BRDA:46,4,0,2
BRDA:46,4,1,1
BRDA:46,5,0,3
BRDA:46,5,1,1
BRDA:64,6,0,3
BRDA:64,6,1,5
BRDA:81,7,0,1
BRDA:81,7,1,1
BRDA:91,8,0,4
BRDA:91,8,1,8
BRF:18
BRH:15
end_of_record
